<?xml version="1.0" encoding="UTF-8"?>
<testng-results skipped="0" failed="0" ignored="0" total="1" passed="1">
  <reporter-output>
  </reporter-output>
  <suite name="Default suite" duration-ms="16914" started-at="2024-10-17T18:40:47 IST" finished-at="2024-10-17T18:41:04 IST">
    <groups>
      <group name="cucumber">
        <method signature="AbstractTestNGCucumberTests.runScenario(io.cucumber.testng.PickleWrapper,io.cucumber.testng.FeatureWrapper)[pri:0, instance:com.ny.Runner.TestRunner@44a3ec6b]" name="runScenario" class="io.cucumber.testng.AbstractTestNGCucumberTests"/>
      </group> <!-- cucumber -->
    </groups>
    <test name="Default test" duration-ms="16914" started-at="2024-10-17T18:40:47 IST" finished-at="2024-10-17T18:41:04 IST">
      <class name="com.ny.Runner.TestRunner">
        <test-method status="PASS" signature="setUpClass(org.testng.ITestContext)[pri:0, instance:com.ny.Runner.TestRunner@44a3ec6b]" name="setUpClass" is-config="true" duration-ms="212" started-at="2024-10-17T18:40:47 IST" finished-at="2024-10-17T18:40:47 IST">
          <params>
            <param index="0">
              <value>
                <![CDATA[org.testng.TestRunner@bdc8014]]>
              </value>
            </param>
          </params>
          <reporter-output>
          </reporter-output>
        </test-method> <!-- setUpClass -->
        <test-method status="PASS" signature="runScenario(io.cucumber.testng.PickleWrapper,io.cucumber.testng.FeatureWrapper)[pri:0, instance:com.ny.Runner.TestRunner@44a3ec6b]" name="runScenario" duration-ms="16662" started-at="2024-10-17T18:40:47 IST" description="Runs Cucumber Scenarios" data-provider="scenarios" finished-at="2024-10-17T18:41:04 IST">
          <params>
            <param index="0">
              <value>
                <![CDATA["User clicks on another section"]]>
              </value>
            </param>
            <param index="1">
              <value>
                <![CDATA["Other section functionality"]]>
              </value>
            </param>
          </params>
          <reporter-output>
          </reporter-output>
        </test-method> <!-- runScenario -->
        <test-method status="PASS" signature="tearDownClass()[pri:0, instance:com.ny.Runner.TestRunner@44a3ec6b]" name="tearDownClass" is-config="true" duration-ms="3" started-at="2024-10-17T18:41:04 IST" finished-at="2024-10-17T18:41:04 IST">
          <reporter-output>
          </reporter-output>
        </test-method> <!-- tearDownClass -->
      </class> <!-- com.ny.Runner.TestRunner -->
    </test> <!-- Default test -->
  </suite> <!-- Default suite -->
</testng-results>
